WdgMtb: ACCESS depth1_om@EXTRUSION is AVAILABLE (CB)
WdgMtb: ACCESS depth1_om@EXTRUSION is AVAILABLE (CB)
WdgMtb: ACCESS depth1_om@EXTRUSION is AVAILABLE (CB)
WdgMtb: ACCESS depth1_om@EXTRUSION is AVAILABLE (CB)
WdgMtb: ACCESS depth2_set_popup@extrev_feature_popup@EXTRUSION is AVAILABLE (CB)
WdgMtb: ACCESS depth1_om@EXTRUSION is AVAILABLE (CB)
WdgMtb: ACCESS depth2_set_popup@extrev_feature_popup@EXTRUSION is AVAILABLE (CB)
WdgMtb: ACCESS depth1_om@EXTRUSION is AVAILABLE (CB)
WdgMtb: ACCESS depth2_set_popup@extrev_feature_popup@EXTRUSION is AVAILABLE (CB)
WdgMtb: ACCESS Conic@ROUND is AVAILABLE (CB)
WdgMtb: ACCESS Conic@ROUND is AVAILABLE (CB)
WdgMtb: ACCESS Conic@ROUND is AVAILABLE (CB)
WdgMtb: ACCESS Conic@ROUND is AVAILABLE (CB)
WdgMtb: ACCESS roundflip@ROUND is unavailable (CB)
WdgMtb: ACCESS AddRadius@Dr0@ROUND is AVAILABLE (CB)
WdgMtb: ACCESS DelRadius@Dr0@ROUND is invisible (UI)
WdgMtb: ACCESS Conic@ROUND is AVAILABLE (CB)
WdgMtb: ACCESS roundflip@ROUND is unavailable (CB)
WdgMtb: ACCESS AddRadius@Dr0@ROUND is AVAILABLE (CB)
WdgMtb: ACCESS DelRadius@Dr0@ROUND is invisible (UI)
WdgMtb: ACCESS Conic@ROUND is AVAILABLE (CB)
WdgMtb: ACCESS roundflip@ROUND is unavailable (CB)
WdgMtb: ACCESS AddRadius@Dr0@ROUND is AVAILABLE (CB)
WdgMtb: ACCESS DelRadius@Dr0@ROUND is invisible (UI)
WdgMtb: ACCESS Conic@ROUND is AVAILABLE (CB)
WdgMtb: ACCESS roundflip@ROUND is unavailable (CB)
WdgMtb: ACCESS AddRadius@Dr0@ROUND is AVAILABLE (CB)
WdgMtb: ACCESS DelRadius@Dr0@ROUND is invisible (UI)
WdgMtb: ACCESS Conic@ROUND is AVAILABLE (CB)
WdgMtb: ACCESS Conic@ROUND is AVAILABLE (CB)
WdgMtb: ACCESS Conic@ROUND is AVAILABLE (CB)
WdgMtb: ACCESS Conic@ROUND is AVAILABLE (CB)
WdgMtb: ACCESS roundflip@ROUND is unavailable (CB)
WdgMtb: ACCESS AddRadius@Dr0@ROUND is AVAILABLE (CB)
WdgMtb: ACCESS DelRadius@Dr0@ROUND is invisible (UI)
WdgMtb: ACCESS Conic@ROUND is AVAILABLE (CB)
WdgMtb: ACCESS roundflip@ROUND is unavailable (CB)
WdgMtb: ACCESS AddRadius@Dr0@ROUND is AVAILABLE (CB)
WdgMtb: ACCESS DelRadius@Dr0@ROUND is invisible (UI)
WdgMtb: ACCESS Conic@ROUND is AVAILABLE (CB)
WdgMtb: ACCESS roundflip@ROUND is unavailable (CB)
WdgMtb: ACCESS AddRadius@Dr0@ROUND is AVAILABLE (CB)
WdgMtb: ACCESS DelRadius@Dr0@ROUND is invisible (UI)
WdgMtb: ACCESS Conic@ROUND is AVAILABLE (CB)
WdgMtb: ACCESS roundflip@ROUND is unavailable (CB)
WdgMtb: ACCESS AddRadius@Dr0@ROUND is AVAILABLE (CB)
WdgMtb: ACCESS DelRadius@Dr0@ROUND is invisible (UI)
WdgMtb: ACCESS Conic@ROUND is AVAILABLE (CB)
WdgMtb: ACCESS Conic@ROUND is AVAILABLE (CB)
WdgMtb: ACCESS Conic@ROUND is AVAILABLE (CB)
WdgMtb: ACCESS roundflip@ROUND is unavailable (CB)
WdgMtb: ACCESS AddRadius@Dr0@ROUND is AVAILABLE (CB)
WdgMtb: ACCESS DelRadius@Dr0@ROUND is invisible (UI)
WdgMtb: ACCESS Conic@ROUND is AVAILABLE (CB)
WdgMtb: ACCESS roundflip@ROUND is unavailable (CB)
WdgMtb: ACCESS AddRadius@Dr0@ROUND is AVAILABLE (CB)
WdgMtb: ACCESS DelRadius@Dr0@ROUND is invisible (UI)
WdgMtb: ACCESS Conic@ROUND is AVAILABLE (CB)
WdgMtb: ACCESS roundflip@ROUND is unavailable (CB)
WdgMtb: ACCESS AddRadius@Dr0@ROUND is AVAILABLE (CB)
WdgMtb: ACCESS DelRadius@Dr0@ROUND is invisible (UI)
WdgMtb: ACCESS Conic@ROUND is AVAILABLE (CB)
WdgMtb: ACCESS Conic@ROUND is AVAILABLE (CB)
WdgMtb: ACCESS Conic@ROUND is AVAILABLE (CB)
WdgMtb: ACCESS Conic@ROUND is AVAILABLE (CB)
WdgMtb: ACCESS roundflip@ROUND is unavailable (CB)
WdgMtb: ACCESS AddRadius@Dr0@ROUND is AVAILABLE (CB)
WdgMtb: ACCESS DelRadius@Dr0@ROUND is invisible (UI)
WdgMtb: ACCESS Conic@ROUND is AVAILABLE (CB)
WdgMtb: ACCESS roundflip@ROUND is unavailable (CB)
WdgMtb: ACCESS AddRadius@Dr0@ROUND is AVAILABLE (CB)
WdgMtb: ACCESS DelRadius@Dr0@ROUND is invisible (UI)
WdgMtb: ACCESS Conic@ROUND is AVAILABLE (CB)
WdgMtb: ACCESS roundflip@ROUND is unavailable (CB)
WdgMtb: ACCESS AddRadius@Dr0@ROUND is AVAILABLE (CB)
WdgMtb: ACCESS DelRadius@Dr0@ROUND is invisible (UI)
WdgMtb: ACCESS Conic@ROUND is AVAILABLE (CB)
WdgMtb: ACCESS Conic@ROUND is AVAILABLE (CB)
WdgMtb: ACCESS Conic@ROUND is AVAILABLE (CB)
WdgMtb: ACCESS Conic@ROUND is AVAILABLE (CB)
WdgMtb: ACCESS roundflip@ROUND is unavailable (CB)
WdgMtb: ACCESS AddRadius@Dr0@ROUND is AVAILABLE (CB)
WdgMtb: ACCESS DelRadius@Dr0@ROUND is invisible (UI)
WdgMtb: ACCESS Conic@ROUND is AVAILABLE (CB)
WdgMtb: ACCESS roundflip@ROUND is unavailable (CB)
WdgMtb: ACCESS AddRadius@Dr0@ROUND is AVAILABLE (CB)
WdgMtb: ACCESS DelRadius@Dr0@ROUND is invisible (UI)
WdgMtb: ACCESS Conic@ROUND is AVAILABLE (CB)
WdgMtb: ACCESS roundflip@ROUND is unavailable (CB)
WdgMtb: ACCESS AddRadius@Dr0@ROUND is AVAILABLE (CB)
WdgMtb: ACCESS DelRadius@Dr0@ROUND is invisible (UI)
WdgMtb: ACCESS Conic@ROUND is AVAILABLE (CB)
WdgMtb: ACCESS Conic@ROUND is AVAILABLE (CB)
WdgMtb: ACCESS Conic@ROUND is AVAILABLE (CB)
WdgMtb: ACCESS Conic@ROUND is AVAILABLE (CB)
WdgMtb: ACCESS roundflip@ROUND is unavailable (CB)
WdgMtb: ACCESS AddRadius@Dr0@ROUND is AVAILABLE (CB)
WdgMtb: ACCESS DelRadius@Dr0@ROUND is invisible (UI)
WdgMtb: ACCESS Conic@ROUND is AVAILABLE (CB)
WdgMtb: ACCESS roundflip@ROUND is unavailable (CB)
WdgMtb: ACCESS AddRadius@Dr0@ROUND is AVAILABLE (CB)
WdgMtb: ACCESS DelRadius@Dr0@ROUND is invisible (UI)
WdgMtb: ACCESS Conic@ROUND is AVAILABLE (CB)
WdgMtb: ACCESS roundflip@ROUND is unavailable (CB)
WdgMtb: ACCESS AddRadius@Dr0@ROUND is AVAILABLE (CB)
WdgMtb: ACCESS DelRadius@Dr0@ROUND is invisible (UI)
WdgMtb: ACCESS Conic@ROUND is AVAILABLE (CB)
WdgMtb: ACCESS Conic@ROUND is AVAILABLE (CB)
WdgMtb: ACCESS Conic@ROUND is AVAILABLE (CB)
WdgMtb: ACCESS Conic@ROUND is AVAILABLE (CB)
WdgMtb: ACCESS roundflip@ROUND is unavailable (CB)
WdgMtb: ACCESS AddRadius@Dr0@ROUND is AVAILABLE (CB)
WdgMtb: ACCESS DelRadius@Dr0@ROUND is invisible (UI)
WdgMtb: ACCESS Conic@ROUND is AVAILABLE (CB)
WdgMtb: ACCESS roundflip@ROUND is unavailable (CB)
WdgMtb: ACCESS AddRadius@Dr0@ROUND is AVAILABLE (CB)
WdgMtb: ACCESS DelRadius@Dr0@ROUND is invisible (UI)
WdgMtb: ACCESS Conic@ROUND is AVAILABLE (CB)
WdgMtb: ACCESS roundflip@ROUND is unavailable (CB)
WdgMtb: ACCESS AddRadius@Dr0@ROUND is AVAILABLE (CB)
WdgMtb: ACCESS DelRadius@Dr0@ROUND is invisible (UI)
WdgMtb: ACCESS Conic@ROUND is AVAILABLE (CB)
WdgMtb: ACCESS Conic@ROUND is AVAILABLE (CB)
WdgMtb: ACCESS Conic@ROUND is AVAILABLE (CB)
WdgMtb: ACCESS Conic@ROUND is AVAILABLE (CB)
WdgMtb: ACCESS roundflip@ROUND is unavailable (CB)
WdgMtb: ACCESS AddRadius@Dr0@ROUND is AVAILABLE (CB)
WdgMtb: ACCESS DelRadius@Dr0@ROUND is invisible (UI)
WdgMtb: ACCESS Conic@ROUND is AVAILABLE (CB)
WdgMtb: ACCESS roundflip@ROUND is unavailable (CB)
WdgMtb: ACCESS AddRadius@Dr0@ROUND is AVAILABLE (CB)
WdgMtb: ACCESS DelRadius@Dr0@ROUND is invisible (UI)
WdgMtb: ACCESS Conic@ROUND is AVAILABLE (CB)
WdgMtb: ACCESS roundflip@ROUND is unavailable (CB)
WdgMtb: ACCESS AddRadius@Dr0@ROUND is AVAILABLE (CB)
WdgMtb: ACCESS DelRadius@Dr0@ROUND is invisible (UI)
WdgMtb: ACCESS Conic@ROUND is AVAILABLE (CB)
WdgMtb: ACCESS roundflip@ROUND is unavailable (CB)
WdgMtb: ACCESS AddRadius@Dr0@ROUND is AVAILABLE (CB)
WdgMtb: ACCESS DelRadius@Dr0@ROUND is invisible (UI)
WdgMtb: ACCESS Conic@ROUND is AVAILABLE (CB)
WdgMtb: ACCESS roundflip@ROUND is unavailable (CB)
WdgMtb: ACCESS AddRadius@Dr0@ROUND is AVAILABLE (CB)
WdgMtb: ACCESS DelRadius@Dr0@ROUND is invisible (UI)
WdgMtb: ACCESS Conic@ROUND is AVAILABLE (CB)
WdgMtb: ACCESS roundflip@ROUND is unavailable (CB)
WdgMtb: ACCESS AddRadius@Dr0@ROUND is AVAILABLE (CB)
WdgMtb: ACCESS DelRadius@Dr0@ROUND is invisible (UI)
WdgMtb: ACCESS depth1_om@EXTRUSION is AVAILABLE (CB)
WdgMtb: ACCESS depth1_om@EXTRUSION is AVAILABLE (CB)
WdgMtb: ACCESS depth1_om@EXTRUSION is AVAILABLE (CB)
WdgMtb: ACCESS depth1_om@EXTRUSION is AVAILABLE (CB)
WdgMtb: ACCESS depth2_set_popup@extrev_feature_popup@EXTRUSION is AVAILABLE (CB)
WdgMtb: ACCESS depth1_om@EXTRUSION is AVAILABLE (CB)
WdgMtb: ACCESS depth2_set_popup@extrev_feature_popup@EXTRUSION is AVAILABLE (CB)
WdgMtb: ACCESS depth1_om@EXTRUSION is AVAILABLE (CB)
WdgMtb: ACCESS depth2_set_popup@extrev_feature_popup@EXTRUSION is AVAILABLE (CB)
WdgMtb: ACCESS solid_surf_radio@swpbln_feat_type_wdg@PROTRUSION is AVAILABLE (CB)
WdgMtb: ACCESS swpbln_cut_check@swpbln_feat_type_wdg@PROTRUSION is AVAILABLE (CB)
WdgMtb: ACCESS swpbln_thin_check@swpbln_feat_type_wdg@PROTRUSION is AVAILABLE (CB)
WdgMtb: ACCESS SelectRadio@PROTRUSION is AVAILABLE (CB)
WdgMtb: ACCESS SketchButton@PROTRUSION is AVAILABLE (CB)
WdgMtb: ACCESS cap_end_chk@PROTRUSION is unavailable (CB)
WdgMtb: ACCESS solid_surf_radio@swpbln_feat_type_wdg@PROTRUSION is AVAILABLE (CB)
WdgMtb: ACCESS swpbln_cut_check@swpbln_feat_type_wdg@PROTRUSION is AVAILABLE (CB)
WdgMtb: ACCESS swpbln_thin_check@swpbln_feat_type_wdg@PROTRUSION is AVAILABLE (CB)
WdgMtb: ACCESS SelectRadio@PROTRUSION is AVAILABLE (CB)
WdgMtb: ACCESS SketchButton@PROTRUSION is AVAILABLE (CB)
WdgMtb: ACCESS cap_end_chk@PROTRUSION is unavailable (CB)
WdgMtb: ACCESS solid_surf_radio@swpbln_feat_type_wdg@PROTRUSION is AVAILABLE (CB)
WdgMtb: ACCESS swpbln_cut_check@swpbln_feat_type_wdg@PROTRUSION is AVAILABLE (CB)
WdgMtb: ACCESS swpbln_thin_check@swpbln_feat_type_wdg@PROTRUSION is AVAILABLE (CB)
WdgMtb: ACCESS SelectRadio@PROTRUSION is AVAILABLE (CB)
WdgMtb: ACCESS SketchButton@PROTRUSION is AVAILABLE (CB)
WdgMtb: ACCESS cap_end_chk@PROTRUSION is unavailable (CB)
WdgMtb: ACCESS solid_surf_radio@swpbln_feat_type_wdg@PROTRUSION is AVAILABLE (CB)
WdgMtb: ACCESS swpbln_cut_check@swpbln_feat_type_wdg@PROTRUSION is AVAILABLE (CB)
WdgMtb: ACCESS swpbln_thin_check@swpbln_feat_type_wdg@PROTRUSION is AVAILABLE (CB)
WdgMtb: ACCESS SelectRadio@PROTRUSION is AVAILABLE (CB)
WdgMtb: ACCESS SketchButton@PROTRUSION is AVAILABLE (CB)
WdgMtb: ACCESS cap_end_chk@PROTRUSION is unavailable (CB)
WdgMtb: ACCESS solid_surf_radio@swpbln_feat_type_wdg@PROTRUSION is AVAILABLE (CB)
WdgMtb: ACCESS swpbln_cut_check@swpbln_feat_type_wdg@PROTRUSION is AVAILABLE (CB)
WdgMtb: ACCESS swpbln_thin_check@swpbln_feat_type_wdg@PROTRUSION is AVAILABLE (CB)
WdgMtb: ACCESS SelectRadio@PROTRUSION is AVAILABLE (CB)
WdgMtb: ACCESS SketchButton@PROTRUSION is AVAILABLE (CB)
WdgMtb: ACCESS cap_end_chk@PROTRUSION is unavailable (CB)
WdgMtb: ACCESS solid_surf_radio@swpbln_feat_type_wdg@PROTRUSION is AVAILABLE (CB)
WdgMtb: ACCESS swpbln_cut_check@swpbln_feat_type_wdg@PROTRUSION is AVAILABLE (CB)
WdgMtb: ACCESS swpbln_thin_check@swpbln_feat_type_wdg@PROTRUSION is AVAILABLE (CB)
WdgMtb: ACCESS SelectRadio@PROTRUSION is AVAILABLE (CB)
WdgMtb: ACCESS SketchButton@PROTRUSION is AVAILABLE (CB)
WdgMtb: ACCESS cap_end_chk@PROTRUSION is unavailable (CB)
WdgMtb: ACCESS solid_surf_radio@swpbln_feat_type_wdg@PROTRUSION is AVAILABLE (CB)
WdgMtb: ACCESS swpbln_cut_check@swpbln_feat_type_wdg@PROTRUSION is AVAILABLE (CB)
WdgMtb: ACCESS swpbln_thin_check@swpbln_feat_type_wdg@PROTRUSION is AVAILABLE (CB)
WdgMtb: ACCESS SelectRadio@PROTRUSION is AVAILABLE (CB)
WdgMtb: ACCESS SketchButton@PROTRUSION is AVAILABLE (CB)
WdgMtb: ACCESS cap_end_chk@PROTRUSION is unavailable (CB)
WdgMtb: ACCESS solid_surf_radio@swpbln_feat_type_wdg@PROTRUSION is AVAILABLE (CB)
WdgMtb: ACCESS swpbln_cut_check@swpbln_feat_type_wdg@PROTRUSION is AVAILABLE (CB)
WdgMtb: ACCESS swpbln_thin_check@swpbln_feat_type_wdg@PROTRUSION is AVAILABLE (CB)
WdgMtb: ACCESS SelectRadio@PROTRUSION is AVAILABLE (CB)
WdgMtb: ACCESS SketchButton@PROTRUSION is AVAILABLE (CB)
WdgMtb: ACCESS cap_end_chk@PROTRUSION is unavailable (CB)
WdgMtb: ACCESS solid_surf_radio@swpbln_feat_type_wdg@PROTRUSION is AVAILABLE (CB)
WdgMtb: ACCESS swpbln_cut_check@swpbln_feat_type_wdg@PROTRUSION is AVAILABLE (CB)
WdgMtb: ACCESS swpbln_thin_check@swpbln_feat_type_wdg@PROTRUSION is AVAILABLE (CB)
WdgMtb: ACCESS SelectRadio@PROTRUSION is AVAILABLE (CB)
WdgMtb: ACCESS SketchButton@PROTRUSION is AVAILABLE (CB)
WdgMtb: ACCESS cap_end_chk@PROTRUSION is unavailable (CB)
WdgMtb: ACCESS solid_surf_radio@swpbln_feat_type_wdg@PROTRUSION is AVAILABLE (CB)
WdgMtb: ACCESS swpbln_cut_check@swpbln_feat_type_wdg@PROTRUSION is AVAILABLE (CB)
WdgMtb: ACCESS swpbln_thin_check@swpbln_feat_type_wdg@PROTRUSION is AVAILABLE (CB)
WdgMtb: ACCESS SelectRadio@PROTRUSION is AVAILABLE (CB)
WdgMtb: ACCESS SketchButton@PROTRUSION is AVAILABLE (CB)
WdgMtb: ACCESS cap_end_chk@PROTRUSION is unavailable (CB)
WdgMtb: ACCESS solid_surf_radio@swpbln_feat_type_wdg@PROTRUSION is AVAILABLE (CB)
WdgMtb: ACCESS swpbln_cut_check@swpbln_feat_type_wdg@PROTRUSION is AVAILABLE (CB)
WdgMtb: ACCESS swpbln_thin_check@swpbln_feat_type_wdg@PROTRUSION is AVAILABLE (CB)
WdgMtb: ACCESS SelectRadio@PROTRUSION is AVAILABLE (CB)
WdgMtb: ACCESS SketchButton@PROTRUSION is AVAILABLE (CB)
WdgMtb: ACCESS cap_end_chk@PROTRUSION is unavailable (CB)
WdgMtb: ACCESS solid_surf_radio@swpbln_feat_type_wdg@PROTRUSION is AVAILABLE (CB)
WdgMtb: ACCESS swpbln_cut_check@swpbln_feat_type_wdg@PROTRUSION is AVAILABLE (CB)
WdgMtb: ACCESS swpbln_thin_check@swpbln_feat_type_wdg@PROTRUSION is AVAILABLE (CB)
WdgMtb: ACCESS SelectRadio@PROTRUSION is AVAILABLE (CB)
WdgMtb: ACCESS SketchButton@PROTRUSION is AVAILABLE (CB)
WdgMtb: ACCESS cap_end_chk@PROTRUSION is unavailable (CB)
